2025-08-09 15:58:49 INFO  o.h.validator.internal.util.Version - HV000001: Hibernate Validator 8.0.2.Final
 2025-08-09 15:58:49 INFO  g.a.c.s.SchoolappssrApplication - Starting SchoolappssrApplication using Java 17.0.15 with PID 12572 (C:\Users\Marialena\Desktop\schoolappssr\schoolappssr\build\classes\java\main started by Marialena in C:\Users\Marialena\Desktop\schoolappssr\schoolappssr)
 2025-08-09 15:58:49 INFO  g.a.c.s.SchoolappssrApplication - The following 1 profile is active: "dev"
 2025-08-09 15:58:51 INFO  o.s.d.r.c.RepositoryConfigurationDelegate - Bootstrapping Spring Data JPA repositories in DEFAULT mode.
 2025-08-09 15:58:51 INFO  o.s.d.r.c.RepositoryConfigurationDelegate - Finished Spring Data repository scanning in 104 ms. Found 2 JPA repository interfaces.
 2025-08-09 15:58:52 INFO  o.s.b.w.e.tomcat.TomcatWebServer - Tomcat initialized with port 8080 (http)
 2025-08-09 15:58:52 INFO  o.s.b.w.s.c.ServletWebServerApplicationContext - Root WebApplicationContext: initialization completed in 2836 ms
 2025-08-09 15:58:52 INFO  org.hibernate.Version - HHH000412: Hibernate ORM core version 6.6.18.Final
 2025-08-09 15:58:52 INFO  o.h.c.i.RegionFactoryInitiator - HHH000026: Second-level cache disabled
 2025-08-09 15:58:53 INFO  o.s.o.j.p.SpringPersistenceUnitInfo - No LoadTimeWeaver setup: ignoring JPA class transformer
 2025-08-09 15:58:54 INFO  o.hibernate.orm.connections.pooling - HHH10001005: Database info:
	Database JDBC URL [Connecting through datasource 'HikariDataSource (HikariPool-1)']
	Database driver: undefined/unknown
	Database version: 8.0.41
	Autocommit mode: undefined/unknown
	Isolation level: undefined/unknown
	Minimum pool size: undefined/unknown
	Maximum pool size: undefined/unknown
 2025-08-09 15:58:56 INFO  o.h.e.t.j.p.i.JtaPlatformInitiator - HHH000489: No JTA platform available (set 'hibernate.transaction.jta.platform' to enable JTA platform integration)
 2025-08-09 15:58:56 INFO  o.s.o.j.LocalContainerEntityManagerFactoryBean - Initialized JPA EntityManagerFactory for persistence unit 'default'
 2025-08-09 15:58:56 INFO  o.s.d.j.r.query.QueryEnhancerFactory - Hibernate is in classpath; If applicable, HQL parser will be used.
 2025-08-09 15:58:57 INFO  o.s.b.a.w.s.WelcomePageHandlerMapping - Adding welcome page template: index
 2025-08-09 15:58:58 INFO  o.s.b.w.e.tomcat.TomcatWebServer - Tomcat started on port 8080 (http) with context path '/'
 2025-08-09 15:58:58 INFO  g.a.c.s.SchoolappssrApplication - Started SchoolappssrApplication in 10.22 seconds (process running for 10.9)
 2025-08-09 15:59:51 INFO  o.s.web.servlet.DispatcherServlet - Initializing Servlet 'dispatcherServlet'
 2025-08-09 15:59:51 INFO  o.s.web.servlet.DispatcherServlet - Completed initialization in 5 ms
 2025-08-09 16:02:22 INFO  g.a.c.s.service.TeacherService - Teacher with vat=9587285932535 saved.
 2025-08-09 16:02:40 INFO  g.a.c.s.service.TeacherService - Teacher with vat=348759275817 saved.
 2025-08-09 16:03:05 INFO  g.a.c.s.service.TeacherService - Teacher with vat=489358580 saved.
 2025-08-09 16:03:35 INFO  g.a.c.s.service.TeacherService - Teacher with vat=934858504 saved.
 2025-08-09 16:04:21 ERROR org.thymeleaf.TemplateEngine - [THYMELEAF][http-nio-8080-exec-1] Exception processing template "teacher-edit-form": Error resolving template [fragments/header2], template might not exist or might not be accessible by any of the configured Template Resolvers (template: "teacher-edit-form" - line 17, col 6)
 org.thymeleaf.exceptions.TemplateInputException: Error resolving template [fragments/header2], template might not exist or might not be accessible by any of the configured Template Resolvers (template: "teacher-edit-form" - line 17, col 6)
	at org.thymeleaf.engine.TemplateManager.resolveTemplate(TemplateManager.java:869)
2025-08-09 16:24:20 INFO  o.h.validator.internal.util.Version - HV000001: Hibernate Validator 8.0.2.Final
 2025-08-09 16:24:20 INFO  g.a.c.s.SchoolappssrApplication - Starting SchoolappssrApplication using Java 17.0.15 with PID 7280 (C:\Users\Marialena\Desktop\schoolappssr\schoolappssr\build\classes\java\main started by Marialena in C:\Users\Marialena\Desktop\schoolappssr\schoolappssr)
 2025-08-09 16:24:20 INFO  g.a.c.s.SchoolappssrApplication - The following 1 profile is active: "dev"
 2025-08-09 16:24:21 INFO  o.s.d.r.c.RepositoryConfigurationDelegate - Bootstrapping Spring Data JPA repositories in DEFAULT mode.
 2025-08-09 16:24:21 INFO  o.s.d.r.c.RepositoryConfigurationDelegate - Finished Spring Data repository scanning in 78 ms. Found 2 JPA repository interfaces.
 2025-08-09 16:24:22 INFO  o.s.b.w.e.tomcat.TomcatWebServer - Tomcat initialized with port 8080 (http)
 2025-08-09 16:24:23 INFO  o.s.b.w.s.c.ServletWebServerApplicationContext - Root WebApplicationContext: initialization completed in 2637 ms
 2025-08-09 16:24:23 INFO  org.hibernate.Version - HHH000412: Hibernate ORM core version 6.6.18.Final
 2025-08-09 16:24:23 INFO  o.h.c.i.RegionFactoryInitiator - HHH000026: Second-level cache disabled
 2025-08-09 16:24:23 INFO  o.s.o.j.p.SpringPersistenceUnitInfo - No LoadTimeWeaver setup: ignoring JPA class transformer
 2025-08-09 16:24:24 INFO  o.hibernate.orm.connections.pooling - HHH10001005: Database info:
	Database JDBC URL [Connecting through datasource 'HikariDataSource (HikariPool-1)']
	Database driver: undefined/unknown
	Database version: 8.0.41
	Autocommit mode: undefined/unknown
	Isolation level: undefined/unknown
	Minimum pool size: undefined/unknown
	Maximum pool size: undefined/unknown
 2025-08-09 16:24:26 INFO  o.h.e.t.j.p.i.JtaPlatformInitiator - HHH000489: No JTA platform available (set 'hibernate.transaction.jta.platform' to enable JTA platform integration)
 2025-08-09 16:24:26 INFO  o.s.o.j.LocalContainerEntityManagerFactoryBean - Initialized JPA EntityManagerFactory for persistence unit 'default'
 2025-08-09 16:24:26 INFO  o.s.d.j.r.query.QueryEnhancerFactory - Hibernate is in classpath; If applicable, HQL parser will be used.
 2025-08-09 16:24:28 INFO  o.s.b.a.w.s.WelcomePageHandlerMapping - Adding welcome page template: index
 2025-08-09 16:24:28 INFO  o.s.b.w.e.tomcat.TomcatWebServer - Tomcat started on port 8080 (http) with context path '/'
 2025-08-09 16:24:28 INFO  g.a.c.s.SchoolappssrApplication - Started SchoolappssrApplication in 9.71 seconds (process running for 10.408)
 2025-08-09 16:25:01 INFO  o.s.web.servlet.DispatcherServlet - Initializing Servlet 'dispatcherServlet'
 2025-08-09 16:25:01 INFO  o.s.web.servlet.DispatcherServlet - Completed initialization in 1 ms
 2025-08-09 16:25:02 ERROR org.thymeleaf.TemplateEngine - [THYMELEAF][http-nio-8080-exec-1] Exception processing template "teacher-edit-form": Error resolving template [fragments/header2], template might not exist or might not be accessible by any of the configured Template Resolvers (template: "teacher-edit-form" - line 17, col 6)
 org.thymeleaf.exceptions.TemplateInputException: Error resolving template [fragments/header2], template might not exist or might not be accessible by any of the configured Template Resolvers (template: "teacher-edit-form" - line 17, col 6)
	at org.thymeleaf.engine.TemplateManager.resolveTemplate(TemplateManager.java:869)
2025-08-09 16:28:42 ERROR org.thymeleaf.TemplateEngine - [THYMELEAF][http-nio-8080-exec-3] Exception processing template "teacher-edit-form": Error resolving template [fragments/header2], template might not exist or might not be accessible by any of the configured Template Resolvers (template: "teacher-edit-form" - line 17, col 6)
 org.thymeleaf.exceptions.TemplateInputException: Error resolving template [fragments/header2], template might not exist or might not be accessible by any of the configured Template Resolvers (template: "teacher-edit-form" - line 17, col 6)
	at org.thymeleaf.engine.TemplateManager.resolveTemplate(TemplateManager.java:869)
2025-08-09 16:36:18 ERROR org.thymeleaf.TemplateEngine - [THYMELEAF][http-nio-8080-exec-1] Exception processing template "teacher-edit-form": Error resolving template [fragments/header2], template might not exist or might not be accessible by any of the configured Template Resolvers (template: "teacher-edit-form" - line 17, col 6)
 org.thymeleaf.exceptions.TemplateInputException: Error resolving template [fragments/header2], template might not exist or might not be accessible by any of the configured Template Resolvers (template: "teacher-edit-form" - line 17, col 6)
	at org.thymeleaf.engine.TemplateManager.resolveTemplate(TemplateManager.java:869)
2025-08-09 16:44:07 ERROR org.thymeleaf.TemplateEngine - [THYMELEAF][http-nio-8080-exec-8] Exception processing template "teacher-edit-form": Error resolving template [fragments/header2], template might not exist or might not be accessible by any of the configured Template Resolvers (template: "teacher-edit-form" - line 17, col 6)
 org.thymeleaf.exceptions.TemplateInputException: Error resolving template [fragments/header2], template might not exist or might not be accessible by any of the configured Template Resolvers (template: "teacher-edit-form" - line 17, col 6)
	at org.thymeleaf.engine.TemplateManager.resolveTemplate(TemplateManager.java:869)
2025-08-09 16:45:03 ERROR org.thymeleaf.TemplateEngine - [THYMELEAF][http-nio-8080-exec-10] Exception processing template "teacher-edit-form": Error resolving template [fragments/header2], template might not exist or might not be accessible by any of the configured Template Resolvers (template: "teacher-edit-form" - line 17, col 6)
 org.thymeleaf.exceptions.TemplateInputException: Error resolving template [fragments/header2], template might not exist or might not be accessible by any of the configured Template Resolvers (template: "teacher-edit-form" - line 17, col 6)
	at org.thymeleaf.engine.TemplateManager.resolveTemplate(TemplateManager.java:869)
2025-08-09 16:45:28 ERROR org.thymeleaf.TemplateEngine - [THYMELEAF][http-nio-8080-exec-6] Exception processing template "teacher-edit-form": Error resolving template [fragments/header2], template might not exist or might not be accessible by any of the configured Template Resolvers (template: "teacher-edit-form" - line 17, col 6)
 org.thymeleaf.exceptions.TemplateInputException: Error resolving template [fragments/header2], template might not exist or might not be accessible by any of the configured Template Resolvers (template: "teacher-edit-form" - line 17, col 6)
	at org.thymeleaf.engine.TemplateManager.resolveTemplate(TemplateManager.java:869)
2025-08-09 16:48:46 INFO  o.h.validator.internal.util.Version - HV000001: Hibernate Validator 8.0.2.Final
 2025-08-09 16:48:46 INFO  g.a.c.s.SchoolappssrApplication - Starting SchoolappssrApplication using Java 17.0.15 with PID 7788 (C:\Users\Marialena\Desktop\schoolappssr\schoolappssr\build\classes\java\main started by Marialena in C:\Users\Marialena\Desktop\schoolappssr\schoolappssr)
 2025-08-09 16:48:46 INFO  g.a.c.s.SchoolappssrApplication - The following 1 profile is active: "dev"
 2025-08-09 16:48:47 INFO  o.s.d.r.c.RepositoryConfigurationDelegate - Bootstrapping Spring Data JPA repositories in DEFAULT mode.
 2025-08-09 16:48:48 INFO  o.s.d.r.c.RepositoryConfigurationDelegate - Finished Spring Data repository scanning in 108 ms. Found 2 JPA repository interfaces.
 2025-08-09 16:48:49 INFO  o.s.b.w.e.tomcat.TomcatWebServer - Tomcat initialized with port 8080 (http)
 2025-08-09 16:48:49 INFO  o.s.b.w.s.c.ServletWebServerApplicationContext - Root WebApplicationContext: initialization completed in 2583 ms
 2025-08-09 16:48:49 INFO  org.hibernate.Version - HHH000412: Hibernate ORM core version 6.6.18.Final
 2025-08-09 16:48:49 INFO  o.h.c.i.RegionFactoryInitiator - HHH000026: Second-level cache disabled
 2025-08-09 16:48:50 INFO  o.s.o.j.p.SpringPersistenceUnitInfo - No LoadTimeWeaver setup: ignoring JPA class transformer
 2025-08-09 16:48:51 INFO  o.hibernate.orm.connections.pooling - HHH10001005: Database info:
	Database JDBC URL [Connecting through datasource 'HikariDataSource (HikariPool-1)']
	Database driver: undefined/unknown
	Database version: 8.0.41
	Autocommit mode: undefined/unknown
	Isolation level: undefined/unknown
	Minimum pool size: undefined/unknown
	Maximum pool size: undefined/unknown
 2025-08-09 16:48:53 INFO  o.h.e.t.j.p.i.JtaPlatformInitiator - HHH000489: No JTA platform available (set 'hibernate.transaction.jta.platform' to enable JTA platform integration)
 2025-08-09 16:48:54 INFO  o.s.o.j.LocalContainerEntityManagerFactoryBean - Initialized JPA EntityManagerFactory for persistence unit 'default'
 2025-08-09 16:48:54 INFO  o.s.d.j.r.query.QueryEnhancerFactory - Hibernate is in classpath; If applicable, HQL parser will be used.
 2025-08-09 16:48:55 INFO  o.s.b.a.w.s.WelcomePageHandlerMapping - Adding welcome page template: index
 2025-08-09 16:48:57 INFO  o.s.b.w.e.tomcat.TomcatWebServer - Tomcat started on port 8080 (http) with context path '/'
 2025-08-09 16:48:57 INFO  g.a.c.s.SchoolappssrApplication - Started SchoolappssrApplication in 11.653 seconds (process running for 12.355)
 2025-08-09 16:48:57 INFO  o.s.web.servlet.DispatcherServlet - Initializing Servlet 'dispatcherServlet'
 2025-08-09 16:48:57 INFO  o.s.web.servlet.DispatcherServlet - Completed initialization in 3 ms
 2025-08-09 16:49:04 INFO  g.a.c.s.service.TeacherService - Teacher with vat=12345678900 updated
 2025-08-09 16:49:17 INFO  g.a.c.s.service.TeacherService - Teacher with vat=12345678900 updated
 2025-08-09 16:49:46 INFO  g.a.c.s.service.TeacherService - Teacher with vat=12345678900 updated
 2025-08-09 16:50:15 INFO  g.a.c.s.service.TeacherService - Teacher with vat=12345678900 updated
 2025-08-09 16:50:29 INFO  g.a.c.s.service.TeacherService - Teacher with vat=123456780 updated
 2025-08-09 16:59:54 INFO  g.a.c.s.service.TeacherService - Teacher with vat=123456780 updated
 2025-08-09 17:00:09 INFO  g.a.c.s.service.TeacherService - Teacher with vat=123456780 updated
 2025-08-09 18:05:05 INFO  o.h.validator.internal.util.Version - HV000001: Hibernate Validator 8.0.2.Final
 2025-08-09 18:05:05 INFO  g.a.c.s.SchoolappssrApplication - Starting SchoolappssrApplication using Java 17.0.15 with PID 20100 (C:\Users\Marialena\Desktop\schoolappssr\schoolappssr\build\classes\java\main started by Marialena in C:\Users\Marialena\Desktop\schoolappssr\schoolappssr)
 2025-08-09 18:05:05 INFO  g.a.c.s.SchoolappssrApplication - The following 1 profile is active: "dev"
 2025-08-09 18:05:06 INFO  o.s.d.r.c.RepositoryConfigurationDelegate - Bootstrapping Spring Data JPA repositories in DEFAULT mode.
 2025-08-09 18:05:06 INFO  o.s.d.r.c.RepositoryConfigurationDelegate - Finished Spring Data repository scanning in 34 ms. Found 2 JPA repository interfaces.
 2025-08-09 18:05:06 INFO  o.s.b.w.e.tomcat.TomcatWebServer - Tomcat initialized with port 8080 (http)
 2025-08-09 18:05:06 INFO  o.s.b.w.s.c.ServletWebServerApplicationContext - Root WebApplicationContext: initialization completed in 960 ms
 2025-08-09 18:05:06 INFO  org.hibernate.Version - HHH000412: Hibernate ORM core version 6.6.18.Final
 2025-08-09 18:05:07 INFO  o.h.c.i.RegionFactoryInitiator - HHH000026: Second-level cache disabled
 2025-08-09 18:05:07 INFO  o.s.o.j.p.SpringPersistenceUnitInfo - No LoadTimeWeaver setup: ignoring JPA class transformer
 2025-08-09 18:05:07 INFO  o.hibernate.orm.connections.pooling - HHH10001005: Database info:
	Database JDBC URL [Connecting through datasource 'HikariDataSource (HikariPool-1)']
	Database driver: undefined/unknown
	Database version: 8.0.41
	Autocommit mode: undefined/unknown
	Isolation level: undefined/unknown
	Minimum pool size: undefined/unknown
	Maximum pool size: undefined/unknown
 2025-08-09 18:05:08 INFO  o.h.e.t.j.p.i.JtaPlatformInitiator - HHH000489: No JTA platform available (set 'hibernate.transaction.jta.platform' to enable JTA platform integration)
 2025-08-09 18:05:08 INFO  o.s.o.j.LocalContainerEntityManagerFactoryBean - Initialized JPA EntityManagerFactory for persistence unit 'default'
 2025-08-09 18:05:08 INFO  o.s.d.j.r.query.QueryEnhancerFactory - Hibernate is in classpath; If applicable, HQL parser will be used.
 2025-08-09 18:05:08 INFO  o.s.b.a.w.s.WelcomePageHandlerMapping - Adding welcome page template: index
 2025-08-09 18:05:09 INFO  o.s.b.w.e.tomcat.TomcatWebServer - Tomcat started on port 8080 (http) with context path '/'
 2025-08-09 18:05:09 INFO  g.a.c.s.SchoolappssrApplication - Started SchoolappssrApplication in 3.715 seconds (process running for 3.994)
 2025-08-09 18:06:37 INFO  o.s.web.servlet.DispatcherServlet - Initializing Servlet 'dispatcherServlet'
 2025-08-09 18:06:37 INFO  o.s.web.servlet.DispatcherServlet - Completed initialization in 2 ms
 2025-08-09 18:06:49 INFO  g.a.c.s.service.TeacherService - Teacher with uuid=8b7ff643-b37a-432a-b772-40271a04c32f deleted
 2025-08-09 18:07:00 ERROR g.a.c.s.controller.TeacherController - Teacher with uuid=8b7ff643-b37a-432a-b772-40271a04c32f not updated
 gr.aueb.cf.schoolappssr.core.exceptions.EntityNotFoundException: Teacher not found
	at gr.aueb.cf.schoolappssr.controller.TeacherController.lambda$showEditForm$0(TeacherController.java:98)
2025-08-09 18:07:00 ERROR org.thymeleaf.TemplateEngine - [THYMELEAF][http-nio-8080-exec-2] Exception processing template "teacher-edit-form": Error during execution of processor 'org.thymeleaf.spring6.processor.SpringInputGeneralFieldTagProcessor' (template: "teacher-edit-form" - line 23, col 30)
 org.thymeleaf.exceptions.TemplateProcessingException: Error during execution of processor 'org.thymeleaf.spring6.processor.SpringInputGeneralFieldTagProcessor' (template: "teacher-edit-form" - line 23, col 30)
	at org.thymeleaf.processor.element.AbstractAttributeTagProcessor.doProcess(AbstractAttributeTagProcessor.java:117)
Caused by: java.lang.IllegalStateException: Neither BindingResult nor plain target object for bean name 'teacherEditDTO' available as request attribute
	at org.springframework.web.servlet.support.BindStatus.<init>(BindStatus.java:153)
2025-08-09 18:07:14 INFO  g.a.c.s.service.TeacherService - Teacher with vat=12345678900 updated
 2025-08-09 18:07:29 INFO  g.a.c.s.service.TeacherService - Teacher with uuid=8779d902-9321-4983-b271-b5f9d8987b60 deleted
 2025-08-09 18:13:08 INFO  o.h.validator.internal.util.Version - HV000001: Hibernate Validator 8.0.2.Final
 2025-08-09 18:13:08 INFO  g.a.c.s.SchoolappssrApplication - Starting SchoolappssrApplication using Java 17.0.15 with PID 8068 (C:\Users\Marialena\Desktop\schoolappssr\schoolappssr\build\classes\java\main started by Marialena in C:\Users\Marialena\Desktop\schoolappssr\schoolappssr)
 2025-08-09 18:13:08 INFO  g.a.c.s.SchoolappssrApplication - The following 1 profile is active: "dev"
 2025-08-09 18:13:10 INFO  o.s.d.r.c.RepositoryConfigurationDelegate - Bootstrapping Spring Data JPA repositories in DEFAULT mode.
 2025-08-09 18:13:10 INFO  o.s.d.r.c.RepositoryConfigurationDelegate - Finished Spring Data repository scanning in 117 ms. Found 2 JPA repository interfaces.
 2025-08-09 18:13:11 INFO  o.s.b.w.e.tomcat.TomcatWebServer - Tomcat initialized with port 8080 (http)
 2025-08-09 18:13:11 INFO  o.s.b.w.s.c.ServletWebServerApplicationContext - Root WebApplicationContext: initialization completed in 2617 ms
 2025-08-09 18:13:12 INFO  org.hibernate.Version - HHH000412: Hibernate ORM core version 6.6.18.Final
 2025-08-09 18:13:12 INFO  o.h.c.i.RegionFactoryInitiator - HHH000026: Second-level cache disabled
 2025-08-09 18:13:12 INFO  o.s.o.j.p.SpringPersistenceUnitInfo - No LoadTimeWeaver setup: ignoring JPA class transformer
 2025-08-09 18:13:13 INFO  o.hibernate.orm.connections.pooling - HHH10001005: Database info:
	Database JDBC URL [Connecting through datasource 'HikariDataSource (HikariPool-1)']
	Database driver: undefined/unknown
	Database version: 8.0.41
	Autocommit mode: undefined/unknown
	Isolation level: undefined/unknown
	Minimum pool size: undefined/unknown
	Maximum pool size: undefined/unknown
 2025-08-09 18:13:15 INFO  o.h.e.t.j.p.i.JtaPlatformInitiator - HHH000489: No JTA platform available (set 'hibernate.transaction.jta.platform' to enable JTA platform integration)
 2025-08-09 18:13:15 INFO  o.s.o.j.LocalContainerEntityManagerFactoryBean - Initialized JPA EntityManagerFactory for persistence unit 'default'
 2025-08-09 18:13:16 INFO  o.s.d.j.r.query.QueryEnhancerFactory - Hibernate is in classpath; If applicable, HQL parser will be used.
 2025-08-09 18:13:17 INFO  o.s.b.a.w.s.WelcomePageHandlerMapping - Adding welcome page template: index
 2025-08-09 18:13:17 INFO  o.s.b.w.e.tomcat.TomcatWebServer - Tomcat started on port 8080 (http) with context path '/'
 2025-08-09 18:13:17 INFO  g.a.c.s.SchoolappssrApplication - Started SchoolappssrApplication in 9.987 seconds (process running for 10.686)
 2025-08-09 18:14:01 INFO  o.s.web.servlet.DispatcherServlet - Initializing Servlet 'dispatcherServlet'
 2025-08-09 18:14:01 INFO  o.s.web.servlet.DispatcherServlet - Completed initialization in 3 ms
 